#
# There is insufficient memory for the Java Runtime Environment to continue.
# Native memory allocation (malloc) failed to allocate 1594736 bytes for Chunk::new
# Possible reasons:
#   The system is out of physical RAM or swap space
#   The process is running with CompressedOops enabled, and the Java Heap may be blocking the growth of the native heap
# Possible solutions:
#   Reduce memory load on the system
#   Increase physical memory or swap space
#   Check if swap backing store is full
#   Decrease Java heap size (-Xmx/-Xms)
#   Decrease number of Java threads
#   Decrease Java thread stack sizes (-Xss)
#   Set larger code cache with -XX:ReservedCodeCacheSize=
#   JVM is running with Unscaled Compressed Oops mode in which the Java heap is
#     placed in the first 4GB address space. The Java Heap base address is the
#     maximum limit for the native heap growth. Please use -XX:HeapBaseMinAddress
#     to set the Java Heap base and to place the Java Heap above 4GB virtual address.
# This output file may be truncated or incomplete.
#
#  Out of Memory Error (t:/workspace/open/src/hotspot/share/memory/arena.cpp:197), pid=38400, tid=34424
#
# JRE version: OpenJDK Runtime Environment (12.0.2+10) (build 12.0.2+10)
# Java VM: OpenJDK 64-Bit Server VM (12.0.2+10, mixed mode, sharing, tiered, compressed oops, g1 gc, windows-amd64)
# No core dump will be written. Minidumps are not enabled by default on client versions of Windows
#

---------------  S U M M A R Y ------------

Command Line: -Dfile.encoding=Cp1252 --module-path=C:\Users\cszit\eclipse-workspace\DashboardInspirationalQuotes\bin -Djdk.module.main=DashboardInspirationalQuotes DashboardInspirationalQuotes/dashboard.Main

Host: AMD A4-9120e RADEON R3, 4 COMPUTE CORES 2C+2G  , 2 cores, 3G,  Windows 10 , 64 bit Build 18362 (10.0.18362.329)
Time: Fri Nov 15 14:26:25 2019 Eastern Standard Time elapsed time: 57 seconds (0d 0h 0m 57s)

---------------  T H R E A D  ---------------

Current thread (0x000001c721f05800):  JavaThread "C2 CompilerThread0" daemon [_thread_in_native, id=34424, stack(0x0000004f54a00000,0x0000004f54b00000)]


Current CompileTask:
C2:  57732 2698   !   4       javax.swing.RepaintManager::addDirtyRegion0 (205 bytes)

Stack: [0x0000004f54a00000,0x0000004f54b00000]
Native frames: (J=compiled Java code, j=interpreted, Vv=VM code, C=native code)
V  [jvm.dll+0x63a6aa]
V  [jvm.dll+0x78cc6e]
V  [jvm.dll+0x78e311]
V  [jvm.dll+0x78e963]
V  [jvm.dll+0x262368]
V  [jvm.dll+0xc547c]
V  [jvm.dll+0xc59fc]
V  [jvm.dll+0x37a482]
V  [jvm.dll+0x346143]
V  [jvm.dll+0x34550a]
V  [jvm.dll+0x21be75]
V  [jvm.dll+0x21b04a]
V  [jvm.dll+0x1997d0]
V  [jvm.dll+0x22a3a4]
V  [jvm.dll+0x2289f8]
V  [jvm.dll+0x750f10]
V  [jvm.dll+0x749ef8]
V  [jvm.dll+0x639786]
C  [ucrtbase.dll+0x20e72]
C  [KERNEL32.DLL+0x17bd4]
C  [ntdll.dll+0x6ced1]


---------------  P R O C E S S  ---------------

Threads class SMR info:
_java_thread_list=0x000001c727aaf530, length=16, elements={
0x000001c721ee8000, 0x000001c721ef1800, 0x000001c721f02800, 0x000001c721f03800,
0x000001c721f05800, 0x000001c721f7b000, 0x000001c721f7f800, 0x000001c721ed0000,
0x000001c7221eb000, 0x000001c7223e4800, 0x000001c7223e9000, 0x000001c7223ec800,
0x000001c726fe0800, 0x000001c705eae000, 0x000001c727c6f000, 0x000001c7271ce000
}

Java Threads: ( => current thread )
  0x000001c721ee8000 JavaThread "Reference Handler" daemon [_thread_blocked, id=30640, stack(0x0000004f54600000,0x0000004f54700000)]
  0x000001c721ef1800 JavaThread "Finalizer" daemon [_thread_blocked, id=37972, stack(0x0000004f54700000,0x0000004f54800000)]
  0x000001c721f02800 JavaThread "Signal Dispatcher" daemon [_thread_blocked, id=17748, stack(0x0000004f54800000,0x0000004f54900000)]
  0x000001c721f03800 JavaThread "Attach Listener" daemon [_thread_blocked, id=33336, stack(0x0000004f54900000,0x0000004f54a00000)]
=>0x000001c721f05800 JavaThread "C2 CompilerThread0" daemon [_thread_in_native, id=34424, stack(0x0000004f54a00000,0x0000004f54b00000)]
  0x000001c721f7b000 JavaThread "C1 CompilerThread0" daemon [_thread_blocked, id=15132, stack(0x0000004f54b00000,0x0000004f54c00000)]
  0x000001c721f7f800 JavaThread "Sweeper thread" daemon [_thread_blocked, id=38132, stack(0x0000004f54c00000,0x0000004f54d00000)]
  0x000001c721ed0000 JavaThread "Common-Cleaner" daemon [_thread_blocked, id=37984, stack(0x0000004f54d00000,0x0000004f54e00000)]
  0x000001c7221eb000 JavaThread "Service Thread" daemon [_thread_blocked, id=37408, stack(0x0000004f54e00000,0x0000004f54f00000)]
  0x000001c7223e4800 JavaThread "Java2D Disposer" daemon [_thread_blocked, id=39512, stack(0x0000004f55000000,0x0000004f55100000)]
  0x000001c7223e9000 JavaThread "AWT-Shutdown" [_thread_blocked, id=39684, stack(0x0000004f55100000,0x0000004f55200000)]
  0x000001c7223ec800 JavaThread "AWT-Windows" daemon [_thread_in_native, id=19728, stack(0x0000004f55200000,0x0000004f55300000)]
  0x000001c726fe0800 JavaThread "AWT-EventQueue-0" [_thread_blocked, id=7096, stack(0x0000004f55900000,0x0000004f55a00000)]
  0x000001c705eae000 JavaThread "DestroyJavaVM" [_thread_blocked, id=28840, stack(0x0000004f53f00000,0x0000004f54000000)]
  0x000001c727c6f000 JavaThread "D3D Screen Updater" daemon [_thread_blocked, id=36960, stack(0x0000004f55b00000,0x0000004f55c00000)]
  0x000001c7271ce000 JavaThread "TimerQueue" daemon [_thread_blocked, id=38508, stack(0x0000004f55e00000,0x0000004f55f00000)]

Other Threads:
  0x000001c721ee7000 VMThread "VM Thread" [stack: 0x0000004f54500000,0x0000004f54600000] [id=29128]
  0x000001c7221ee000 WatcherThread [stack: 0x0000004f54f00000,0x0000004f55000000] [id=31288]
  0x000001c705ed5800 GCTaskThread "GC Thread#0" [stack: 0x0000004f54000000,0x0000004f54100000] [id=32732]
  0x000001c727675800 GCTaskThread "GC Thread#1" [stack: 0x0000004f55c00000,0x0000004f55d00000] [id=33648]
  0x000001c705ede800 ConcurrentGCThread "G1 Main Marker" [stack: 0x0000004f54100000,0x0000004f54200000] [id=39572]
  0x000001c705ee1000 ConcurrentGCThread "G1 Conc#0" [stack: 0x0000004f54200000,0x0000004f54300000] [id=39652]
  0x000001c705f23000 ConcurrentGCThread "G1 Refine#0" [stack: 0x0000004f54300000,0x0000004f54400000] [id=9084]
  0x000001c721f6d800 ConcurrentGCThread "G1 Refine#1" [stack: 0x0000004f55d00000,0x0000004f55e00000] [id=37104]
  0x000001c705f24000 ConcurrentGCThread "G1 Young RemSet Sampling" [stack: 0x0000004f54400000,0x0000004f54500000] [id=15820]

Threads with active compile tasks:
C2 CompilerThread0  2698   !   4       javax.swing.RepaintManager::addDirtyRegion0 (205 bytes)

VM state:not at safepoint (normal execution)

VM Mutex/Monitor currently owned by a thread: None

Heap address: 0x00000000c2200000, size: 990 MB, Compressed Oops mode: 32-bit
Narrow klass base: 0x0000000800000000, Narrow klass shift: 3
Compressed class space size: 1073741824 Address: 0x0000000801180000

Heap:
 garbage-first heap   total 63488K, used 29405K [0x00000000c2200000, 0x0000000100000000)
  region size 1024K, 28 young (28672K), 1 survivors (1024K)
 Metaspace       used 11458K, capacity 11846K, committed 12160K, reserved 1060864K
  class space    used 1176K, capacity 1312K, committed 1408K, reserved 1048576K
Heap Regions: E=young(eden), S=young(survivor), O=old, HS=humongous(starts), HC=humongous(continues), CS=collection set, F=free, A=archive, TAMS=top-at-mark-start (previous, next)
|   0|0x00000000c2200000, 0x00000000c2300000, 0x00000000c2300000|100%| O|  |TAMS 0x00000000c2200000, 0x00000000c2200000| Untracked 
|   1|0x00000000c2300000, 0x00000000c2400000, 0x00000000c2400000|100%| O|  |TAMS 0x00000000c2300000, 0x00000000c2300000| Untracked 
|   2|0x00000000c2400000, 0x00000000c2454a00, 0x00000000c2500000| 33%| O|  |TAMS 0x00000000c2400000, 0x00000000c2400000| Untracked 
|   3|0x00000000c2500000, 0x00000000c2500000, 0x00000000c2600000|  0%| F|  |TAMS 0x00000000c2500000, 0x00000000c2500000| Untracked 
|   4|0x00000000c2600000, 0x00000000c2600000, 0x00000000c2700000|  0%| F|  |TAMS 0x00000000c2600000, 0x00000000c2600000| Untracked 
|   5|0x00000000c2700000, 0x00000000c2700000, 0x00000000c2800000|  0%| F|  |TAMS 0x00000000c2700000, 0x00000000c2700000| Untracked 
|   6|0x00000000c2800000, 0x00000000c2800000, 0x00000000c2900000|  0%| F|  |TAMS 0x00000000c2800000, 0x00000000c2800000| Untracked 
|   7|0x00000000c2900000, 0x00000000c2900000, 0x00000000c2a00000|  0%| F|  |TAMS 0x00000000c2900000, 0x00000000c2900000| Untracked 
|   8|0x00000000c2a00000, 0x00000000c2a00000, 0x00000000c2b00000|  0%| F|  |TAMS 0x00000000c2a00000, 0x00000000c2a00000| Untracked 
|   9|0x00000000c2b00000, 0x00000000c2b00000, 0x00000000c2c00000|  0%| F|  |TAMS 0x00000000c2b00000, 0x00000000c2b00000| Untracked 
|  10|0x00000000c2c00000, 0x00000000c2c00000, 0x00000000c2d00000|  0%| F|  |TAMS 0x00000000c2c00000, 0x00000000c2c00000| Untracked 
|  11|0x00000000c2d00000, 0x00000000c2d00000, 0x00000000c2e00000|  0%| F|  |TAMS 0x00000000c2d00000, 0x00000000c2d00000| Untracked 
|  12|0x00000000c2e00000, 0x00000000c2e00000, 0x00000000c2f00000|  0%| F|  |TAMS 0x00000000c2e00000, 0x00000000c2e00000| Untracked 
|  13|0x00000000c2f00000, 0x00000000c2f00000, 0x00000000c3000000|  0%| F|  |TAMS 0x00000000c2f00000, 0x00000000c2f00000| Untracked 
|  14|0x00000000c3000000, 0x00000000c3000000, 0x00000000c3100000|  0%| F|  |TAMS 0x00000000c3000000, 0x00000000c3000000| Untracked 
|  15|0x00000000c3100000, 0x00000000c3100000, 0x00000000c3200000|  0%| F|  |TAMS 0x00000000c3100000, 0x00000000c3100000| Untracked 
|  16|0x00000000c3200000, 0x00000000c3200000, 0x00000000c3300000|  0%| F|  |TAMS 0x00000000c3200000, 0x00000000c3200000| Untracked 
|  17|0x00000000c3300000, 0x00000000c3300000, 0x00000000c3400000|  0%| F|  |TAMS 0x00000000c3300000, 0x00000000c3300000| Untracked 
|  18|0x00000000c3400000, 0x00000000c3400000, 0x00000000c3500000|  0%| F|  |TAMS 0x00000000c3400000, 0x00000000c3400000| Untracked 
|  19|0x00000000c3500000, 0x00000000c3500000, 0x00000000c3600000|  0%| F|  |TAMS 0x00000000c3500000, 0x00000000c3500000| Untracked 
|  20|0x00000000c3600000, 0x00000000c3600000, 0x00000000c3700000|  0%| F|  |TAMS 0x00000000c3600000, 0x00000000c3600000| Untracked 
|  21|0x00000000c3700000, 0x00000000c3700000, 0x00000000c3800000|  0%| F|  |TAMS 0x00000000c3700000, 0x00000000c3700000| Untracked 
|  22|0x00000000c3800000, 0x00000000c3800000, 0x00000000c3900000|  0%| F|  |TAMS 0x00000000c3800000, 0x00000000c3800000| Untracked 
|  23|0x00000000c3900000, 0x00000000c3900000, 0x00000000c3a00000|  0%| F|  |TAMS 0x00000000c3900000, 0x00000000c3900000| Untracked 
|  24|0x00000000c3a00000, 0x00000000c3a00000, 0x00000000c3b00000|  0%| F|  |TAMS 0x00000000c3a00000, 0x00000000c3a00000| Untracked 
|  25|0x00000000c3b00000, 0x00000000c3b00000, 0x00000000c3c00000|  0%| F|  |TAMS 0x00000000c3b00000, 0x00000000c3b00000| Untracked 
|  26|0x00000000c3c00000, 0x00000000c3c00000, 0x00000000c3d00000|  0%| F|  |TAMS 0x00000000c3c00000, 0x00000000c3c00000| Untracked 
|  27|0x00000000c3d00000, 0x00000000c3d00000, 0x00000000c3e00000|  0%| F|  |TAMS 0x00000000c3d00000, 0x00000000c3d00000| Untracked 
|  28|0x00000000c3e00000, 0x00000000c3e00000, 0x00000000c3f00000|  0%| F|  |TAMS 0x00000000c3e00000, 0x00000000c3e00000| Untracked 
|  29|0x00000000c3f00000, 0x00000000c3f00000, 0x00000000c4000000|  0%| F|  |TAMS 0x00000000c3f00000, 0x00000000c3f00000| Untracked 
|  30|0x00000000c4000000, 0x00000000c4000000, 0x00000000c4100000|  0%| F|  |TAMS 0x00000000c4000000, 0x00000000c4000000| Untracked 
|  31|0x00000000c4100000, 0x00000000c4100000, 0x00000000c4200000|  0%| F|  |TAMS 0x00000000c4100000, 0x00000000c4100000| Untracked 
|  32|0x00000000c4200000, 0x00000000c4200000, 0x00000000c4300000|  0%| F|  |TAMS 0x00000000c4200000, 0x00000000c4200000| Untracked 
|  33|0x00000000c4300000, 0x00000000c4300000, 0x00000000c4400000|  0%| F|  |TAMS 0x00000000c4300000, 0x00000000c4300000| Untracked 
|  34|0x00000000c4400000, 0x00000000c447f0c0, 0x00000000c4500000| 49%| E|  |TAMS 0x00000000c4400000, 0x00000000c4400000| Complete 
|  35|0x00000000c4500000, 0x00000000c4600000, 0x00000000c4600000|100%| E|CS|TAMS 0x00000000c4500000, 0x00000000c4500000| Complete 
|  36|0x00000000c4600000, 0x00000000c4700000, 0x00000000c4700000|100%| E|CS|TAMS 0x00000000c4600000, 0x00000000c4600000| Complete 
|  37|0x00000000c4700000, 0x00000000c4800000, 0x00000000c4800000|100%| E|CS|TAMS 0x00000000c4700000, 0x00000000c4700000| Complete 
|  38|0x00000000c4800000, 0x00000000c4862d00, 0x00000000c4900000| 38%| S|CS|TAMS 0x00000000c4800000, 0x00000000c4800000| Complete 
|  39|0x00000000c4900000, 0x00000000c4a00000, 0x00000000c4a00000|100%| E|CS|TAMS 0x00000000c4900000, 0x00000000c4900000| Complete 
|  40|0x00000000c4a00000, 0x00000000c4b00000, 0x00000000c4b00000|100%| E|CS|TAMS 0x00000000c4a00000, 0x00000000c4a00000| Complete 
|  41|0x00000000c4b00000, 0x00000000c4c00000, 0x00000000c4c00000|100%| E|CS|TAMS 0x00000000c4b00000, 0x00000000c4b00000| Complete 
|  42|0x00000000c4c00000, 0x00000000c4d00000, 0x00000000c4d00000|100%| E|CS|TAMS 0x00000000c4c00000, 0x00000000c4c00000| Complete 
|  43|0x00000000c4d00000, 0x00000000c4e00000, 0x00000000c4e00000|100%| E|CS|TAMS 0x00000000c4d00000, 0x00000000c4d00000| Complete 
|  44|0x00000000c4e00000, 0x00000000c4f00000, 0x00000000c4f00000|100%| E|CS|TAMS 0x00000000c4e00000, 0x00000000c4e00000| Complete 
|  45|0x00000000c4f00000, 0x00000000c5000000, 0x00000000c5000000|100%| E|CS|TAMS 0x00000000c4f00000, 0x00000000c4f00000| Complete 
|  46|0x00000000c5000000, 0x00000000c5100000, 0x00000000c5100000|100%| E|CS|TAMS 0x00000000c5000000, 0x00000000c5000000| Complete 
|  47|0x00000000c5100000, 0x00000000c5200000, 0x00000000c5200000|100%| E|CS|TAMS 0x00000000c5100000, 0x00000000c5100000| Complete 
|  48|0x00000000c5200000, 0x00000000c5300000, 0x00000000c5300000|100%| E|CS|TAMS 0x00000000c5200000, 0x00000000c5200000| Complete 
|  49|0x00000000c5300000, 0x00000000c5400000, 0x00000000c5400000|100%| E|CS|TAMS 0x00000000c5300000, 0x00000000c5300000| Complete 
|  50|0x00000000c5400000, 0x00000000c5500000, 0x00000000c5500000|100%| E|CS|TAMS 0x00000000c5400000, 0x00000000c5400000| Complete 
|  51|0x00000000c5500000, 0x00000000c5600000, 0x00000000c5600000|100%| E|CS|TAMS 0x00000000c5500000, 0x00000000c5500000| Complete 
|  52|0x00000000c5600000, 0x00000000c5700000, 0x00000000c5700000|100%| E|CS|TAMS 0x00000000c5600000, 0x00000000c5600000| Complete 
|  53|0x00000000c5700000, 0x00000000c5800000, 0x00000000c5800000|100%| E|CS|TAMS 0x00000000c5700000, 0x00000000c5700000| Complete 
|  54|0x00000000c5800000, 0x00000000c5900000, 0x00000000c5900000|100%| E|CS|TAMS 0x00000000c5800000, 0x00000000c5800000| Complete 
|  55|0x00000000c5900000, 0x00000000c5a00000, 0x00000000c5a00000|100%| E|CS|TAMS 0x00000000c5900000, 0x00000000c5900000| Complete 
|  56|0x00000000c5a00000, 0x00000000c5b00000, 0x00000000c5b00000|100%| E|CS|TAMS 0x00000000c5a00000, 0x00000000c5a00000| Complete 
|  57|0x00000000c5b00000, 0x00000000c5c00000, 0x00000000c5c00000|100%| E|CS|TAMS 0x00000000c5b00000, 0x00000000c5b00000| Complete 
|  58|0x00000000c5c00000, 0x00000000c5d00000, 0x00000000c5d00000|100%| E|CS|TAMS 0x00000000c5c00000, 0x00000000c5c00000| Complete 
|  59|0x00000000c5d00000, 0x00000000c5e00000, 0x00000000c5e00000|100%| E|CS|TAMS 0x00000000c5d00000, 0x00000000c5d00000| Complete 
|  60|0x00000000c5e00000, 0x00000000c5f00000, 0x00000000c5f00000|100%| E|CS|TAMS 0x00000000c5e00000, 0x00000000c5e00000| Complete 
|  61|0x00000000c5f00000, 0x00000000c6000000, 0x00000000c6000000|100%| E|CS|TAMS 0x00000000c5f00000, 0x00000000c5f00000| Complete 

Card table byte_map: [0x000001c705c70000,0x000001c705e60000] _byte_map_base: 0x000001c70565f000

Marking Bits (Prev, Next): (CMBitMap*) 0x000001c705ed7968, (CMBitMap*) 0x000001c705ed79a8
 Prev Bits: [0x000001c71d490000, 0x000001c71e408000)
 Next Bits: [0x000001c71e410000, 0x000001c71f388000)

Polling page: 0x000001c703c10000

Metaspace:

Usage:
  Non-class:     10.29 MB capacity,    10.04 MB ( 98%) used,   218.90 KB (  2%) free+waste,    33.63 KB ( <1%) overhead. 
      Class:      1.28 MB capacity,     1.15 MB ( 90%) used,   116.59 KB (  9%) free+waste,    18.88 KB (  1%) overhead. 
       Both:     11.57 MB capacity,    11.19 MB ( 97%) used,   335.49 KB (  3%) free+waste,    52.50 KB ( <1%) overhead. 

Virtual space:
  Non-class space:       12.00 MB reserved,      10.50 MB ( 88%) committed 
      Class space:        1.00 GB reserved,       1.38 MB ( <1%) committed 
             Both:        1.01 GB reserved,      11.88 MB (  1%) committed 

Chunk freelists:
   Non-Class:  3.25 KB
       Class:  0 bytes
        Both:  3.25 KB

CodeHeap 'non-profiled nmethods': size=120064Kb used=1304Kb max_used=1304Kb free=118759Kb
 bounds [0x000001c715d60000, 0x000001c715fd0000, 0x000001c71d2a0000]
CodeHeap 'profiled nmethods': size=120000Kb used=7110Kb max_used=7110Kb free=112889Kb
 bounds [0x000001c70e830000, 0x000001c70ef30000, 0x000001c715d60000]
CodeHeap 'non-nmethods': size=5696Kb used=1240Kb max_used=1270Kb free=4455Kb
 bounds [0x000001c70e2a0000, 0x000001c70e510000, 0x000001c70e830000]
 total_blobs=3960 nmethods=2744 adapters=514
 compilation: enabled
              stopped_count=0, restarted_count=0
 full_count=0

Compilation events (10 events):
Event: 57.532 Thread 0x000001c721f7b000 2741       3       java.util.LinkedHashMap::afterNodeAccess (116 bytes)
Event: 57.533 Thread 0x000001c721f7b000 nmethod 2741 0x000001c70ef1f390 code [0x000001c70ef1f580, 0x000001c70ef1fc58]
Event: 57.533 Thread 0x000001c721f7b000 2743       3       javax.swing.text.html.HTMLDocument$HTMLReader::handleEndOfLineString (23 bytes)
Event: 57.534 Thread 0x000001c721f7b000 nmethod 2743 0x000001c70ef1fe10 code [0x000001c70ef1ffe0, 0x000001c70ef20230]
Event: 57.534 Thread 0x000001c721f7b000 2744       3       javax.swing.text.html.HTMLDocument$HTMLReader::flush (52 bytes)
Event: 57.535 Thread 0x000001c721f7b000 nmethod 2744 0x000001c70ef20310 code [0x000001c70ef20540, 0x000001c70ef20e90]
Event: 57.535 Thread 0x000001c721f7b000 2745       3       javax.swing.text.AbstractDocument$AbstractElement::copyAttributes (10 bytes)
Event: 57.535 Thread 0x000001c721f7b000 nmethod 2745 0x000001c70ef21110 code [0x000001c70ef212e0, 0x000001c70ef21530]
Event: 57.552 Thread 0x000001c721f7b000 2746       3       javax.swing.text.Utilities::isComposedTextAttributeDefined (22 bytes)
Event: 57.553 Thread 0x000001c721f7b000 nmethod 2746 0x000001c70ef21610 code [0x000001c70ef217e0, 0x000001c70ef21a90]

GC Heap History (8 events):
Event: 6.826 GC heap before
{Heap before GC invocations=0 (full 0):
 garbage-first heap   total 63488K, used 7168K [0x00000000c2200000, 0x0000000100000000)
  region size 1024K, 7 young (7168K), 0 survivors (0K)
 Metaspace       used 8707K, capacity 9052K, committed 9216K, reserved 1056768K
  class space    used 1042K, capacity 1177K, committed 1280K, reserved 1048576K
}
Event: 6.851 GC heap after
{Heap after GC invocations=1 (full 0):
 garbage-first heap   total 63488K, used 2279K [0x00000000c2200000, 0x0000000100000000)
  region size 1024K, 1 young (1024K), 1 survivors (1024K)
 Metaspace       used 8707K, capacity 9052K, committed 9216K, reserved 1056768K
  class space    used 1042K, capacity 1177K, committed 1280K, reserved 1048576K
}
Event: 7.476 GC heap before
{Heap before GC invocations=1 (full 0):
 garbage-first heap   total 63488K, used 4327K [0x00000000c2200000, 0x0000000100000000)
  region size 1024K, 3 young (3072K), 1 survivors (1024K)
 Metaspace       used 9331K, capacity 9697K, committed 9984K, reserved 1058816K
  class space    used 1096K, capacity 1243K, committed 1280K, reserved 1048576K
}
Event: 7.484 GC heap after
{Heap after GC invocations=2 (full 0):
 garbage-first heap   total 63488K, used 2793K [0x00000000c2200000, 0x0000000100000000)
  region size 1024K, 1 young (1024K), 1 survivors (1024K)
 Metaspace       used 9331K, capacity 9697K, committed 9984K, reserved 1058816K
  class space    used 1096K, capacity 1243K, committed 1280K, reserved 1048576K
}
Event: 17.620 GC heap before
{Heap before GC invocations=2 (full 0):
 garbage-first heap   total 63488K, used 12009K [0x00000000c2200000, 0x0000000100000000)
  region size 1024K, 10 young (10240K), 1 survivors (1024K)
 Metaspace       used 9918K, capacity 10285K, committed 10496K, reserved 1058816K
  class space    used 1108K, capacity 1244K, committed 1280K, reserved 1048576K
}
Event: 17.627 GC heap after
{Heap after GC invocations=3 (full 0):
 garbage-first heap   total 63488K, used 2754K [0x00000000c2200000, 0x0000000100000000)
  region size 1024K, 1 young (1024K), 1 survivors (1024K)
 Metaspace       used 9918K, capacity 10285K, committed 10496K, reserved 1058816K
  class space    used 1108K, capacity 1244K, committed 1280K, reserved 1048576K
}
Event: 46.471 GC heap before
{Heap before GC invocations=3 (full 0):
 garbage-first heap   total 63488K, used 25282K [0x00000000c2200000, 0x0000000100000000)
  region size 1024K, 23 young (23552K), 1 survivors (1024K)
 Metaspace       used 11177K, capacity 11526K, committed 11648K, reserved 1058816K
  class space    used 1176K, capacity 1312K, committed 1408K, reserved 1048576K
}
Event: 46.475 GC heap after
{Heap after GC invocations=4 (full 0):
 garbage-first heap   total 63488K, used 2781K [0x00000000c2200000, 0x0000000100000000)
  region size 1024K, 1 young (1024K), 1 survivors (1024K)
 Metaspace       used 11177K, capacity 11526K, committed 11648K, reserved 1058816K
  class space    used 1176K, capacity 1312K, committed 1408K, reserved 1048576K
}

Deoptimization events (10 events):
Event: 24.150 Thread 0x000001c726fe0800 Uncommon trap: reason=bimorphic_or_optimized_type_check action=maybe_recompile pc=0x000001c715dc3fd0 method=java.util.HashMap.getNode(ILjava/lang/Object;)Ljava/util/HashMap$Node; @ 59 c2
Event: 24.150 Thread 0x000001c726fe0800 Uncommon trap: reason=bimorphic_or_optimized_type_check action=maybe_recompile pc=0x000001c715dc3fd0 method=java.util.HashMap.getNode(ILjava/lang/Object;)Ljava/util/HashMap$Node; @ 59 c2
Event: 24.150 Thread 0x000001c726fe0800 Uncommon trap: reason=unstable_fused_if action=reinterpret pc=0x000001c715e28470 method=java.util.HashMap.tableSizeFor(I)I @ 10 c2
Event: 24.150 Thread 0x000001c726fe0800 Uncommon trap: reason=bimorphic_or_optimized_type_check action=maybe_recompile pc=0x000001c715dc3fd0 method=java.util.HashMap.getNode(ILjava/lang/Object;)Ljava/util/HashMap$Node; @ 59 c2
Event: 24.205 Thread 0x000001c726fe0800 Uncommon trap: reason=unstable_if action=reinterpret pc=0x000001c715e1a0f0 method=java.util.concurrent.locks.AbstractQueuedSynchronizer.release(I)Z @ 14 c2
Event: 24.205 Thread 0x000001c726fe0800 Uncommon trap: reason=unstable_if action=reinterpret pc=0x000001c715e07214 method=java.util.concurrent.locks.AbstractQueuedSynchronizer.release(I)Z @ 14 c2
Event: 24.361 Thread 0x000001c726fe0800 Uncommon trap: reason=class_check action=maybe_recompile pc=0x000001c715e24a28 method=javax.swing.text.AbstractDocument$AbstractElement.isDefined(Ljava/lang/Object;)Z @ 5 c2
Event: 24.361 Thread 0x000001c726fe0800 Uncommon trap: reason=class_check action=maybe_recompile pc=0x000001c715e24a28 method=javax.swing.text.AbstractDocument$AbstractElement.isDefined(Ljava/lang/Object;)Z @ 5 c2
Event: 24.361 Thread 0x000001c726fe0800 Uncommon trap: reason=class_check action=maybe_recompile pc=0x000001c715e24a28 method=javax.swing.text.AbstractDocument$AbstractElement.isDefined(Ljava/lang/Object;)Z @ 5 c2
Event: 24.361 Thread 0x000001c726fe0800 Uncommon trap: reason=class_check action=maybe_recompile pc=0x000001c715e24a28 method=javax.swing.text.AbstractDocument$AbstractElement.isDefined(Ljava/lang/Object;)Z @ 5 c2

Classes redefined (0 events):
No events

Internal exceptions (10 events):
Event: 2.878 Thread 0x000001c705eae000 Exception <a 'java/lang/NoSuchMethodError'{0x00000000c5bec370}: java.lang.invoke.DirectMethodHandle$Holder.invokeStaticInit(Ljava/lang/Object;)V> (0x00000000c5bec370) thrown at [t:/workspace/open/src/hotspot/share/interpreter/linkResolver.cpp, line 777]
Event: 4.176 Thread 0x000001c705eae000 Exception <a 'java/lang/NoSuchMethodError'{0x00000000c5a7c180}: java.lang.invoke.Invokers$Holder.linkToTargetMethod(Ljava/lang/Object;ILjava/lang/Object;)Ljava/lang/Object;> (0x00000000c5a7c180) thrown at [t:/workspace/open/src/hotspot/share/interpreter/l
Event: 4.197 Thread 0x000001c705eae000 Exception <a 'sun/nio/fs/WindowsException'{0x00000000c5a81488}> (0x00000000c5a81488) thrown at [t:/workspace/open/src/hotspot/share/prims/jni.cpp, line 615]
Event: 6.802 Thread 0x000001c726fe0800 Exception <a 'java/lang/NoSuchMethodError'{0x00000000c59c3ee8}: java.lang.invoke.DirectMethodHandle$Holder.invokeStatic(Ljava/lang/Object;Ljava/lang/Object;Ljava/lang/Object;Ljava/lang/Object;Ljava/lang/Object;Ljava/lang/Object;Ljava/lang/Object;Ljava/lan
Event: 6.812 Thread 0x000001c726fe0800 Exception <a 'java/lang/NoSuchMethodError'{0x00000000c59d01c8}: java.lang.invoke.DirectMethodHandle$Holder.invokeStatic(Ljava/lang/Object;Ljava/lang/Object;Ljava/lang/Object;Ljava/lang/Object;Ljava/lang/Object;Ljava/lang/Object;Ljava/lang/Object;Ljava/lan
Event: 6.815 Thread 0x000001c726fe0800 Exception <a 'java/lang/NoSuchMethodError'{0x00000000c59dc898}: java.lang.invoke.DirectMethodHandle$Holder.invokeSpecial(Ljava/lang/Object;Ljava/lang/Object;JLjava/lang/Object;Ljava/lang/Object;Ljava/lang/Object;Ljava/lang/Object;)Ljava/lang/Object;> (0x0
Event: 6.816 Thread 0x000001c726fe0800 Exception <a 'java/lang/NoSuchMethodError'{0x00000000c59dfcd8}: java.lang.invoke.DelegatingMethodHandle$Holder.reinvoke_L(Ljava/lang/Object;JLjava/lang/Object;Ljava/lang/Object;Ljava/lang/Object;Ljava/lang/Object;)Ljava/lang/Object;> (0x00000000c59dfcd8) 
Event: 6.820 Thread 0x000001c726fe0800 Exception <a 'java/lang/NoSuchMethodError'{0x00000000c59f04b0}: java.lang.invoke.DirectMethodHandle$Holder.invokeStatic(Ljava/lang/Object;Ljava/lang/Object;Ljava/lang/Object;Ljava/lang/Object;J)Ljava/lang/Object;> (0x00000000c59f04b0) thrown at [t:/worksp
Event: 24.205 Thread 0x000001c726fe0800 Implicit null exception at 0x000001c715e1a04e to 0x000001c715e1a0de
Event: 24.205 Thread 0x000001c726fe0800 Implicit null exception at 0x000001c715e0715e to 0x000001c715e07202

Events (10 events):
Event: 29.261 loading class java/awt/Scrollbar
Event: 29.261 loading class java/awt/Adjustable
Event: 29.262 loading class java/awt/Adjustable done
Event: 29.262 loading class java/awt/Scrollbar done
Event: 46.471 Executing VM operation: G1CollectForAllocation
Event: 46.475 Executing VM operation: G1CollectForAllocation done
Event: 57.422 Executing VM operation: BulkRevokeBias
Event: 57.422 Executing VM operation: BulkRevokeBias done
Event: 57.423 Executing VM operation: BulkRevokeBias
Event: 57.423 Executing VM operation: BulkRevokeBias done


Dynamic libraries:
0x00007ff66fd00000 - 0x00007ff66fd0d000 	C:\Users\cszit\Downloads\openjdk-12.0.2_windows-x64_bin\jdk-12.0.2\bin\javaw.exe
0x00007ffd4ac00000 - 0x00007ffd4adf0000 	C:\windows\SYSTEM32\ntdll.dll
0x00007ffd4a7e0000 - 0x00007ffd4a892000 	C:\windows\System32\KERNEL32.DLL
0x00007ffd488d0000 - 0x00007ffd48b73000 	C:\windows\System32\KERNELBASE.dll
0x00007ffd48630000 - 0x00007ffd4872a000 	C:\windows\System32\ucrtbase.dll
0x00007ffd44320000 - 0x00007ffd44337000 	C:\Users\cszit\Downloads\openjdk-12.0.2_windows-x64_bin\jdk-12.0.2\bin\jli.dll
0x00007ffd49a70000 - 0x00007ffd49c04000 	C:\windows\System32\USER32.dll
0x00007ffd48b80000 - 0x00007ffd48ba1000 	C:\windows\System32\win32u.dll
0x00007ffd48d60000 - 0x00007ffd48d86000 	C:\windows\System32\GDI32.dll
0x00007ffd47c40000 - 0x00007ffd47dd4000 	C:\windows\System32\gdi32full.dll
0x00007ffd48c10000 - 0x00007ffd48cae000 	C:\windows\System32\msvcp_win.dll
0x00007ffd44430000 - 0x00007ffd44446000 	C:\Users\cszit\Downloads\openjdk-12.0.2_windows-x64_bin\jdk-12.0.2\bin\VCRUNTIME140.dll
0x00007ffd2f9c0000 - 0x00007ffd2fc45000 	C:\windows\WinSxS\amd64_microsoft.windows.common-controls_6595b64144ccf1df_6.0.18362.418_none_e6c6b287130d565d\COMCTL32.dll
0x00007ffd4a4e0000 - 0x00007ffd4a57e000 	C:\windows\System32\msvcrt.dll
0x00007ffd49730000 - 0x00007ffd49a66000 	C:\windows\System32\combase.dll
0x00007ffd48f20000 - 0x00007ffd49040000 	C:\windows\System32\RPCRT4.dll
0x00007ffd47bc0000 - 0x00007ffd47c40000 	C:\windows\System32\bcryptPrimitives.dll
0x00007ffd4a280000 - 0x00007ffd4a2ae000 	C:\windows\System32\IMM32.DLL
0x00007ffd2ebf0000 - 0x00007ffd2ec9a000 	C:\Users\cszit\Downloads\openjdk-12.0.2_windows-x64_bin\jdk-12.0.2\bin\msvcp140.dll
0x00007ffcf07a0000 - 0x00007ffcf1316000 	C:\Users\cszit\Downloads\openjdk-12.0.2_windows-x64_bin\jdk-12.0.2\bin\server\jvm.dll
0x00007ffd4a580000 - 0x00007ffd4a623000 	C:\windows\System32\ADVAPI32.dll
0x00007ffd49d00000 - 0x00007ffd49d97000 	C:\windows\System32\sechost.dll
0x00007ffd48e60000 - 0x00007ffd48e68000 	C:\windows\System32\PSAPI.DLL
0x00007ffd430e0000 - 0x00007ffd430e9000 	C:\windows\SYSTEM32\WSOCK32.dll
0x00007ffd45c00000 - 0x00007ffd45c24000 	C:\windows\SYSTEM32\WINMM.dll
0x00007ffd49c90000 - 0x00007ffd49cff000 	C:\windows\System32\WS2_32.dll
0x00007ffd40ae0000 - 0x00007ffd40aea000 	C:\windows\SYSTEM32\VERSION.dll
0x00007ffd45ad0000 - 0x00007ffd45afd000 	C:\windows\SYSTEM32\WINMMBASE.dll
0x00007ffd48880000 - 0x00007ffd488ca000 	C:\windows\System32\cfgmgr32.dll
0x00007ffd47ae0000 - 0x00007ffd47af1000 	C:\windows\System32\kernel.appcore.dll
0x00007ffd37a50000 - 0x00007ffd37a61000 	C:\Users\cszit\Downloads\openjdk-12.0.2_windows-x64_bin\jdk-12.0.2\bin\verify.dll
0x00007ffd2c5d0000 - 0x00007ffd2c7c4000 	C:\windows\SYSTEM32\DBGHELP.DLL
0x00007ffd2d3e0000 - 0x00007ffd2d40a000 	C:\windows\SYSTEM32\dbgcore.DLL
0x00007ffd2cb50000 - 0x00007ffd2cb76000 	C:\Users\cszit\Downloads\openjdk-12.0.2_windows-x64_bin\jdk-12.0.2\bin\java.dll
0x00007ffd37a20000 - 0x00007ffd37a37000 	C:\Users\cszit\Downloads\openjdk-12.0.2_windows-x64_bin\jdk-12.0.2\bin\zip.dll
0x00007ffd37af0000 - 0x00007ffd37afa000 	C:\Users\cszit\Downloads\openjdk-12.0.2_windows-x64_bin\jdk-12.0.2\bin\jimage.dll
0x00007ffd49040000 - 0x00007ffd49725000 	C:\windows\System32\SHELL32.dll
0x00007ffd48cb0000 - 0x00007ffd48d59000 	C:\windows\System32\shcore.dll
0x00007ffd47eb0000 - 0x00007ffd4862f000 	C:\windows\System32\windows.storage.dll
0x00007ffd47b70000 - 0x00007ffd47b8f000 	C:\windows\System32\profapi.dll
0x00007ffd47b00000 - 0x00007ffd47b4a000 	C:\windows\System32\powrprof.dll
0x00007ffd47ad0000 - 0x00007ffd47ae0000 	C:\windows\System32\UMPDC.dll
0x00007ffd4a2c0000 - 0x00007ffd4a312000 	C:\windows\System32\shlwapi.dll
0x00007ffd47de0000 - 0x00007ffd47df7000 	C:\windows\System32\cryptsp.dll
0x00007ffd34a90000 - 0x00007ffd34aa9000 	C:\Users\cszit\Downloads\openjdk-12.0.2_windows-x64_bin\jdk-12.0.2\bin\net.dll
0x00007ffd37b20000 - 0x00007ffd37c10000 	C:\windows\SYSTEM32\WINHTTP.dll
0x00007ffd3c180000 - 0x00007ffd3c356000 	C:\windows\SYSTEM32\urlmon.dll
0x00007ffd3beb0000 - 0x00007ffd3c156000 	C:\windows\SYSTEM32\iertutil.dll
0x00007ffd474b0000 - 0x00007ffd474bc000 	C:\windows\SYSTEM32\CRYPTBASE.DLL
0x00007ffd472e0000 - 0x00007ffd47347000 	C:\windows\system32\mswsock.dll
0x00007ffd2d340000 - 0x00007ffd2d353000 	C:\Users\cszit\Downloads\openjdk-12.0.2_windows-x64_bin\jdk-12.0.2\bin\nio.dll
0x00007ffd13dd0000 - 0x00007ffd13f6e000 	C:\Users\cszit\Downloads\openjdk-12.0.2_windows-x64_bin\jdk-12.0.2\bin\awt.dll
0x00007ffd4a910000 - 0x00007ffd4a9d4000 	C:\windows\System32\OLEAUT32.dll
0x00007ffd44a30000 - 0x00007ffd44ff0000 	C:\windows\SYSTEM32\d2d1.dll
0x00007ffd45d60000 - 0x00007ffd45def000 	C:\windows\SYSTEM32\apphelp.dll
0x00007ffd46380000 - 0x00007ffd463ad000 	C:\windows\system32\DWMAPI.DLL
0x00007ffd45e50000 - 0x00007ffd45ee9000 	C:\windows\system32\uxtheme.dll
0x00007ffd13760000 - 0x00007ffd138b6000 	C:\windows\system32\opengl32.dll
0x00007ffd32110000 - 0x00007ffd3213c000 	C:\windows\SYSTEM32\GLU32.dll
0x00007ffd467b0000 - 0x00007ffd467d0000 	C:\windows\SYSTEM32\dxcore.dll
0x00007ffd4a3a0000 - 0x00007ffd4a4d6000 	C:\windows\System32\MSCTF.dll
0x00007ffd4aa60000 - 0x00007ffd4abb6000 	C:\windows\System32\ole32.dll
0x00007ffd13920000 - 0x00007ffd13ae7000 	C:\windows\system32\d3d9.dll
0x00007ffd40b20000 - 0x00007ffd40cfc000 	C:\windows\System32\DriverStore\FileRepository\u0341193.inf_amd64_0d06e1b44522f1a9\B340501\aticfx64.dll
0x00007ffd32b10000 - 0x00007ffd32b41000 	C:\windows\System32\DriverStore\FileRepository\u0341193.inf_amd64_0d06e1b44522f1a9\B340501\atiu9p64.dll
0x00007ffcf5540000 - 0x00007ffcf6286000 	C:\windows\System32\DriverStore\FileRepository\u0341193.inf_amd64_0d06e1b44522f1a9\B340501\atiumd64.dll
0x000000005d040000 - 0x000000005dd38000 	C:\windows\System32\DriverStore\FileRepository\u0341193.inf_amd64_0d06e1b44522f1a9\B340501\atiumd6a.dll
0x00007ffd22c60000 - 0x00007ffd22ce0000 	C:\Users\cszit\Downloads\openjdk-12.0.2_windows-x64_bin\jdk-12.0.2\bin\freetype.dll
0x00007ffd22990000 - 0x00007ffd22a3b000 	C:\Users\cszit\Downloads\openjdk-12.0.2_windows-x64_bin\jdk-12.0.2\bin\fontmanager.dll
0x00007ffd329b0000 - 0x00007ffd32a4e000 	C:\windows\System32\TextInputFramework.dll
0x00007ffd45680000 - 0x00007ffd45754000 	C:\windows\System32\CoreMessaging.dll
0x00007ffd43c60000 - 0x00007ffd43f8a000 	C:\windows\System32\CoreUIComponents.dll
0x00007ffd46b30000 - 0x00007ffd46b61000 	C:\windows\SYSTEM32\ntmarta.dll
0x00007ffd43b00000 - 0x00007ffd43c53000 	C:\windows\SYSTEM32\wintypes.dll
0x00007ffd2e760000 - 0x00007ffd2e7c5000 	C:\windows\system32\Oleacc.dll
0x00007ffd48e70000 - 0x00007ffd48f12000 	C:\windows\System32\clbcatq.dll
0x00007ffd43860000 - 0x00007ffd43a0f000 	C:\windows\SYSTEM32\WindowsCodecs.dll
0x00007ffd33860000 - 0x00007ffd3389a000 	C:\windows\system32\dataexchange.dll
0x00007ffd447d0000 - 0x00007ffd44a2b000 	C:\windows\system32\d3d11.dll
0x00007ffd467d0000 - 0x00007ffd468bb000 	C:\windows\system32\dxgi.dll
0x00007ffd454a0000 - 0x00007ffd4567b000 	C:\windows\system32\dcomp.dll
0x00007ffd45f10000 - 0x00007ffd4616a000 	C:\windows\system32\twinapi.appcore.dll
0x00007ffd46270000 - 0x00007ffd46299000 	C:\windows\system32\RMCLIENT.dll

dbghelp: loaded successfully - version: 4.0.5 - missing functions: none
symbol engine: initialized successfully - sym options: 0x614 - pdb path: .;C:\Users\cszit\Downloads\openjdk-12.0.2_windows-x64_bin\jdk-12.0.2\bin;C:\windows\SYSTEM32;C:\windows\WinSxS\amd64_microsoft.windows.common-controls_6595b64144ccf1df_6.0.18362.418_none_e6c6b287130d565d;C:\Users\cszit\Downloads\openjdk-12.0.2_windows-x64_bin\jdk-12.0.2\bin\server;C:\windows\System32\DriverStore\FileRepository\u0341193.inf_amd64_0d06e1b44522f1a9\B340501

VM Arguments:
jvm_args: -Dfile.encoding=Cp1252 --module-path=C:\Users\cszit\eclipse-workspace\DashboardInspirationalQuotes\bin -Djdk.module.main=DashboardInspirationalQuotes 
java_command: DashboardInspirationalQuotes/dashboard.Main
java_class_path (initial): <not set>
Launcher Type: SUN_STANDARD

[Global flags]
     intx CICompilerCount                          = 2                                         {product} {ergonomic}
     uint ConcGCThreads                            = 1                                         {product} {ergonomic}
     uint G1ConcRefinementThreads                  = 2                                         {product} {ergonomic}
   size_t G1HeapRegionSize                         = 1048576                                   {product} {ergonomic}
    uintx GCDrainStackTargetSize                   = 64                                        {product} {ergonomic}
   size_t InitialHeapSize                          = 65011712                                  {product} {ergonomic}
   size_t MarkStackSize                            = 4194304                                   {product} {ergonomic}
   size_t MaxHeapSize                              = 1038090240                                {product} {ergonomic}
   size_t MaxNewSize                               = 622854144                                 {product} {ergonomic}
   size_t MinHeapDeltaBytes                        = 1048576                                   {product} {ergonomic}
    uintx NonNMethodCodeHeapSize                   = 5825164                                {pd product} {ergonomic}
    uintx NonProfiledCodeHeapSize                  = 122916538                              {pd product} {ergonomic}
    uintx ProfiledCodeHeapSize                     = 122916538                              {pd product} {ergonomic}
    uintx ReservedCodeCacheSize                    = 251658240                              {pd product} {ergonomic}
     bool SegmentedCodeCache                       = true                                      {product} {ergonomic}
     bool UseCompressedClassPointers               = true                                 {lp64_product} {ergonomic}
     bool UseCompressedOops                        = true                                 {lp64_product} {ergonomic}
     bool UseG1GC                                  = true                                      {product} {ergonomic}
     bool UseLargePagesIndividualAllocation        = false                                  {pd product} {ergonomic}

Logging:
Log output configuration:
 #0: stdout all=warning uptime,level,tags
 #1: stderr all=off uptime,level,tags

Environment Variables:
PATH=C:/Users/cszit/Downloads/openjdk-12.0.2_windows-x64_bin/jdk-12.0.2/bin/server;C:/Users/cszit/Downloads/openjdk-12.0.2_windows-x64_bin/jdk-12.0.2/bin;C:\Program Files\Microsoft MPI\Bin\;C:\windows\system32;C:\windows;C:\windows\System32\Wbem;C:\windows\System32\WindowsPowerShell\v1.0\;C:\windows\System32\OpenSSH\;C:\Program Files (x86)\Microsoft SQL Server\150\DTS\Binn\;C:\Program Files\nodejs\;C:\Program Files (x86)\Microsoft SQL Server\140\Tools\Binn\;C:\Program Files\Microsoft SQL Server\140\Tools\Binn\;C:\Program Files (x86)\Microsoft SQL Server\140\DTS\Binn\;C:\Program Files\Microsoft SQL Server\140\DTS\Binn\;C:\Program Files\Microsoft SQL Server\Client SDK\ODBC\130\Tools\Binn\;C:\Program Files\Git\cmd;C:\Program Files\Java\jdk-12.0.2\bin;C:\Users\cszit\AppData\Local\Microsoft\WindowsApps;C:\Users\cszit\AppData\Roaming\npm;C:\Users\cszit\Downloads\apache-maven-3.6.2-bin\apache-maven-3.6.2\bin;C:\Program Files\Java\jdk-12.0.2\bin;C:\Users\cszit\OneDrive\Documents\platform-tools;;C:\Users\cszit\Desktop;
USERNAME=cszit
OS=Windows_NT
PROCESSOR_IDENTIFIER=AMD64 Family 21 Model 112 Stepping 0, AuthenticAMD



---------------  S Y S T E M  ---------------

OS: Windows 10 , 64 bit Build 18362 (10.0.18362.329)

CPU:total 2 (initial active 2) (2 cores per cpu, 1 threads per core) family 21 model 112 stepping 0, cmov, cx8, fxsr, mmx, sse, sse2, sse3, ssse3, sse4.1, sse4.2, popcnt, avx, avx2, aes, clmul, mmxext, 3dnowpref, lzcnt, sse4a, tsc, tscinvbit, tscinv, bmi1, bmi2, fma

Memory: 4k page, system-wide physical 3957M (296M free)
TotalPageFile size 11319M (AvailPageFile size 6M)
current process WorkingSet (physical memory assigned to process): 131M, peak: 133M
current process commit charge ("private bytes"): 192M, peak: 200M

vm_info: OpenJDK 64-Bit Server VM (12.0.2+10) for windows-amd64 JRE (12.0.2+10), built on Jul 16 2019 01:56:05 by "mach5one" with MS VC++ 15.5 (VS2017)

END.
