#
# There is insufficient memory for the Java Runtime Environment to continue.
# Native memory allocation (malloc) failed to allocate 1388016 bytes for Chunk::new
# Possible reasons:
#   The system is out of physical RAM or swap space
#   The process is running with CompressedOops enabled, and the Java Heap may be blocking the growth of the native heap
# Possible solutions:
#   Reduce memory load on the system
#   Increase physical memory or swap space
#   Check if swap backing store is full
#   Decrease Java heap size (-Xmx/-Xms)
#   Decrease number of Java threads
#   Decrease Java thread stack sizes (-Xss)
#   Set larger code cache with -XX:ReservedCodeCacheSize=
#   JVM is running with Unscaled Compressed Oops mode in which the Java heap is
#     placed in the first 4GB address space. The Java Heap base address is the
#     maximum limit for the native heap growth. Please use -XX:HeapBaseMinAddress
#     to set the Java Heap base and to place the Java Heap above 4GB virtual address.
# This output file may be truncated or incomplete.
#
#  Out of Memory Error (t:/workspace/open/src/hotspot/share/memory/arena.cpp:197), pid=30272, tid=36852
#
# JRE version: OpenJDK Runtime Environment (12.0.2+10) (build 12.0.2+10)
# Java VM: OpenJDK 64-Bit Server VM (12.0.2+10, mixed mode, sharing, tiered, compressed oops, g1 gc, windows-amd64)
# No core dump will be written. Minidumps are not enabled by default on client versions of Windows
#

---------------  S U M M A R Y ------------

Command Line: -Dfile.encoding=Cp1252 --module-path=C:\Users\cszit\eclipse-workspace\DashboardInspirationalQuotes\bin -Djdk.module.main=DashboardInspirationalQuotes DashboardInspirationalQuotes/dashboard.Main

Host: AMD A4-9120e RADEON R3, 4 COMPUTE CORES 2C+2G  , 2 cores, 3G,  Windows 10 , 64 bit Build 18362 (10.0.18362.329)
Time: Thu Nov 14 10:27:54 2019 Eastern Standard Time elapsed time: 1 seconds (0d 0h 0m 1s)

---------------  T H R E A D  ---------------

Current thread (0x000001f2e0452800):  JavaThread "C2 CompilerThread0" daemon [_thread_in_native, id=36852, stack(0x000000c324e00000,0x000000c324f00000)]


Current CompileTask:
C2:   1637  656       4       jdk.internal.org.objectweb.asm.Frame::execute (2305 bytes)

Stack: [0x000000c324e00000,0x000000c324f00000]
Native frames: (J=compiled Java code, j=interpreted, Vv=VM code, C=native code)
V  [jvm.dll+0x63a6aa]
V  [jvm.dll+0x78cc6e]
V  [jvm.dll+0x78e311]
V  [jvm.dll+0x78e963]
V  [jvm.dll+0x262368]
V  [jvm.dll+0xc547c]
V  [jvm.dll+0xc59fc]
V  [jvm.dll+0x37a4c7]
V  [jvm.dll+0x346143]
V  [jvm.dll+0x34550a]
V  [jvm.dll+0x21be75]
V  [jvm.dll+0x21b04a]
V  [jvm.dll+0x1997d0]
V  [jvm.dll+0x22a3a4]
V  [jvm.dll+0x2289f8]
V  [jvm.dll+0x750f10]
V  [jvm.dll+0x749ef8]
V  [jvm.dll+0x639786]
C  [ucrtbase.dll+0x20e72]
C  [KERNEL32.DLL+0x17bd4]
C  [ntdll.dll+0x6ced1]


---------------  P R O C E S S  ---------------

Threads class SMR info:
_java_thread_list=0x000001f2e1260df0, length=15, elements={
0x000001f2e0436000, 0x000001f2e0437000, 0x000001f2e044f800, 0x000001f2e0450800,
0x000001f2e0452800, 0x000001f2e04c7800, 0x000001f2e04cc000, 0x000001f2c449e000,
0x000001f2e073c000, 0x000001f2e0993000, 0x000001f2e0995000, 0x000001f2e09da000,
0x000001f2e0fe8000, 0x000001f2c43c7800, 0x000001f2e1416000
}

Java Threads: ( => current thread )
  0x000001f2e0436000 JavaThread "Reference Handler" daemon [_thread_blocked, id=28252, stack(0x000000c324a00000,0x000000c324b00000)]
  0x000001f2e0437000 JavaThread "Finalizer" daemon [_thread_blocked, id=24788, stack(0x000000c324b00000,0x000000c324c00000)]
  0x000001f2e044f800 JavaThread "Signal Dispatcher" daemon [_thread_blocked, id=31732, stack(0x000000c324c00000,0x000000c324d00000)]
  0x000001f2e0450800 JavaThread "Attach Listener" daemon [_thread_blocked, id=36100, stack(0x000000c324d00000,0x000000c324e00000)]
=>0x000001f2e0452800 JavaThread "C2 CompilerThread0" daemon [_thread_in_native, id=36852, stack(0x000000c324e00000,0x000000c324f00000)]
  0x000001f2e04c7800 JavaThread "C1 CompilerThread0" daemon [_thread_blocked, id=35736, stack(0x000000c324f00000,0x000000c325000000)]
  0x000001f2e04cc000 JavaThread "Sweeper thread" daemon [_thread_blocked, id=27932, stack(0x000000c325000000,0x000000c325100000)]
  0x000001f2c449e000 JavaThread "Common-Cleaner" daemon [_thread_blocked, id=27888, stack(0x000000c325100000,0x000000c325200000)]
  0x000001f2e073c000 JavaThread "Service Thread" daemon [_thread_blocked, id=30324, stack(0x000000c325200000,0x000000c325300000)]
  0x000001f2e0993000 JavaThread "Java2D Disposer" daemon [_thread_blocked, id=35084, stack(0x000000c325500000,0x000000c325600000)]
  0x000001f2e0995000 JavaThread "AWT-Shutdown" [_thread_blocked, id=9956, stack(0x000000c325600000,0x000000c325700000)]
  0x000001f2e09da000 JavaThread "AWT-Windows" daemon [_thread_in_native, id=10992, stack(0x000000c325700000,0x000000c325800000)]
  0x000001f2e0fe8000 JavaThread "AWT-EventQueue-0" [_thread_in_vm, id=8836, stack(0x000000c325e00000,0x000000c325f00000)]
  0x000001f2c43c7800 JavaThread "DestroyJavaVM" [_thread_blocked, id=32024, stack(0x000000c324300000,0x000000c324400000)]
  0x000001f2e1416000 JavaThread "D3D Screen Updater" daemon [_thread_in_native, id=34448, stack(0x000000c325f00000,0x000000c326000000)]

Other Threads:
  0x000001f2e0434800 VMThread "VM Thread" [stack: 0x000000c324900000,0x000000c324a00000] [id=11288]
  0x000001f2e074b800 WatcherThread [stack: 0x000000c325300000,0x000000c325400000] [id=29672]
  0x000001f2c43f4000 GCTaskThread "GC Thread#0" [stack: 0x000000c324400000,0x000000c324500000] [id=4600]
  0x000001f2c43fc800 ConcurrentGCThread "G1 Main Marker" [stack: 0x000000c324500000,0x000000c324600000] [id=23756]
  0x000001f2c43ff000 ConcurrentGCThread "G1 Conc#0" [stack: 0x000000c324600000,0x000000c324700000] [id=35488]
  0x000001f2c4440800 ConcurrentGCThread "G1 Refine#0" [stack: 0x000000c324700000,0x000000c324800000] [id=31196]
  0x000001f2c4441800 ConcurrentGCThread "G1 Young RemSet Sampling" [stack: 0x000000c324800000,0x000000c324900000] [id=35148]

Threads with active compile tasks:
C2 CompilerThread0   656       4       jdk.internal.org.objectweb.asm.Frame::execute (2305 bytes)

VM state:not at safepoint (normal execution)

VM Mutex/Monitor currently owned by a thread: None

Heap address: 0x00000000c2200000, size: 990 MB, Compressed Oops mode: 32-bit
Narrow klass base: 0x0000000800000000, Narrow klass shift: 3
Compressed class space size: 1073741824 Address: 0x0000000801180000

Heap:
 garbage-first heap   total 63488K, used 5120K [0x00000000c2200000, 0x0000000100000000)
  region size 1024K, 6 young (6144K), 0 survivors (0K)
 Metaspace       used 7141K, capacity 7473K, committed 7680K, reserved 1056768K
  class space    used 854K, capacity 996K, committed 1024K, reserved 1048576K
Heap Regions: E=young(eden), S=young(survivor), O=old, HS=humongous(starts), HC=humongous(continues), CS=collection set, F=free, A=archive, TAMS=top-at-mark-start (previous, next)
|   0|0x00000000c2200000, 0x00000000c2200000, 0x00000000c2300000|  0%| F|  |TAMS 0x00000000c2200000, 0x00000000c2200000| Untracked 
|   1|0x00000000c2300000, 0x00000000c2300000, 0x00000000c2400000|  0%| F|  |TAMS 0x00000000c2300000, 0x00000000c2300000| Untracked 
|   2|0x00000000c2400000, 0x00000000c2400000, 0x00000000c2500000|  0%| F|  |TAMS 0x00000000c2400000, 0x00000000c2400000| Untracked 
|   3|0x00000000c2500000, 0x00000000c2500000, 0x00000000c2600000|  0%| F|  |TAMS 0x00000000c2500000, 0x00000000c2500000| Untracked 
|   4|0x00000000c2600000, 0x00000000c2600000, 0x00000000c2700000|  0%| F|  |TAMS 0x00000000c2600000, 0x00000000c2600000| Untracked 
|   5|0x00000000c2700000, 0x00000000c2700000, 0x00000000c2800000|  0%| F|  |TAMS 0x00000000c2700000, 0x00000000c2700000| Untracked 
|   6|0x00000000c2800000, 0x00000000c2800000, 0x00000000c2900000|  0%| F|  |TAMS 0x00000000c2800000, 0x00000000c2800000| Untracked 
|   7|0x00000000c2900000, 0x00000000c2900000, 0x00000000c2a00000|  0%| F|  |TAMS 0x00000000c2900000, 0x00000000c2900000| Untracked 
|   8|0x00000000c2a00000, 0x00000000c2a00000, 0x00000000c2b00000|  0%| F|  |TAMS 0x00000000c2a00000, 0x00000000c2a00000| Untracked 
|   9|0x00000000c2b00000, 0x00000000c2b00000, 0x00000000c2c00000|  0%| F|  |TAMS 0x00000000c2b00000, 0x00000000c2b00000| Untracked 
|  10|0x00000000c2c00000, 0x00000000c2c00000, 0x00000000c2d00000|  0%| F|  |TAMS 0x00000000c2c00000, 0x00000000c2c00000| Untracked 
|  11|0x00000000c2d00000, 0x00000000c2d00000, 0x00000000c2e00000|  0%| F|  |TAMS 0x00000000c2d00000, 0x00000000c2d00000| Untracked 
|  12|0x00000000c2e00000, 0x00000000c2e00000, 0x00000000c2f00000|  0%| F|  |TAMS 0x00000000c2e00000, 0x00000000c2e00000| Untracked 
|  13|0x00000000c2f00000, 0x00000000c2f00000, 0x00000000c3000000|  0%| F|  |TAMS 0x00000000c2f00000, 0x00000000c2f00000| Untracked 
|  14|0x00000000c3000000, 0x00000000c3000000, 0x00000000c3100000|  0%| F|  |TAMS 0x00000000c3000000, 0x00000000c3000000| Untracked 
|  15|0x00000000c3100000, 0x00000000c3100000, 0x00000000c3200000|  0%| F|  |TAMS 0x00000000c3100000, 0x00000000c3100000| Untracked 
|  16|0x00000000c3200000, 0x00000000c3200000, 0x00000000c3300000|  0%| F|  |TAMS 0x00000000c3200000, 0x00000000c3200000| Untracked 
|  17|0x00000000c3300000, 0x00000000c3300000, 0x00000000c3400000|  0%| F|  |TAMS 0x00000000c3300000, 0x00000000c3300000| Untracked 
|  18|0x00000000c3400000, 0x00000000c3400000, 0x00000000c3500000|  0%| F|  |TAMS 0x00000000c3400000, 0x00000000c3400000| Untracked 
|  19|0x00000000c3500000, 0x00000000c3500000, 0x00000000c3600000|  0%| F|  |TAMS 0x00000000c3500000, 0x00000000c3500000| Untracked 
|  20|0x00000000c3600000, 0x00000000c3600000, 0x00000000c3700000|  0%| F|  |TAMS 0x00000000c3600000, 0x00000000c3600000| Untracked 
|  21|0x00000000c3700000, 0x00000000c3700000, 0x00000000c3800000|  0%| F|  |TAMS 0x00000000c3700000, 0x00000000c3700000| Untracked 
|  22|0x00000000c3800000, 0x00000000c3800000, 0x00000000c3900000|  0%| F|  |TAMS 0x00000000c3800000, 0x00000000c3800000| Untracked 
|  23|0x00000000c3900000, 0x00000000c3900000, 0x00000000c3a00000|  0%| F|  |TAMS 0x00000000c3900000, 0x00000000c3900000| Untracked 
|  24|0x00000000c3a00000, 0x00000000c3a00000, 0x00000000c3b00000|  0%| F|  |TAMS 0x00000000c3a00000, 0x00000000c3a00000| Untracked 
|  25|0x00000000c3b00000, 0x00000000c3b00000, 0x00000000c3c00000|  0%| F|  |TAMS 0x00000000c3b00000, 0x00000000c3b00000| Untracked 
|  26|0x00000000c3c00000, 0x00000000c3c00000, 0x00000000c3d00000|  0%| F|  |TAMS 0x00000000c3c00000, 0x00000000c3c00000| Untracked 
|  27|0x00000000c3d00000, 0x00000000c3d00000, 0x00000000c3e00000|  0%| F|  |TAMS 0x00000000c3d00000, 0x00000000c3d00000| Untracked 
|  28|0x00000000c3e00000, 0x00000000c3e00000, 0x00000000c3f00000|  0%| F|  |TAMS 0x00000000c3e00000, 0x00000000c3e00000| Untracked 
|  29|0x00000000c3f00000, 0x00000000c3f00000, 0x00000000c4000000|  0%| F|  |TAMS 0x00000000c3f00000, 0x00000000c3f00000| Untracked 
|  30|0x00000000c4000000, 0x00000000c4000000, 0x00000000c4100000|  0%| F|  |TAMS 0x00000000c4000000, 0x00000000c4000000| Untracked 
|  31|0x00000000c4100000, 0x00000000c4100000, 0x00000000c4200000|  0%| F|  |TAMS 0x00000000c4100000, 0x00000000c4100000| Untracked 
|  32|0x00000000c4200000, 0x00000000c4200000, 0x00000000c4300000|  0%| F|  |TAMS 0x00000000c4200000, 0x00000000c4200000| Untracked 
|  33|0x00000000c4300000, 0x00000000c4300000, 0x00000000c4400000|  0%| F|  |TAMS 0x00000000c4300000, 0x00000000c4300000| Untracked 
|  34|0x00000000c4400000, 0x00000000c4400000, 0x00000000c4500000|  0%| F|  |TAMS 0x00000000c4400000, 0x00000000c4400000| Untracked 
|  35|0x00000000c4500000, 0x00000000c4500000, 0x00000000c4600000|  0%| F|  |TAMS 0x00000000c4500000, 0x00000000c4500000| Untracked 
|  36|0x00000000c4600000, 0x00000000c4600000, 0x00000000c4700000|  0%| F|  |TAMS 0x00000000c4600000, 0x00000000c4600000| Untracked 
|  37|0x00000000c4700000, 0x00000000c4700000, 0x00000000c4800000|  0%| F|  |TAMS 0x00000000c4700000, 0x00000000c4700000| Untracked 
|  38|0x00000000c4800000, 0x00000000c4800000, 0x00000000c4900000|  0%| F|  |TAMS 0x00000000c4800000, 0x00000000c4800000| Untracked 
|  39|0x00000000c4900000, 0x00000000c4900000, 0x00000000c4a00000|  0%| F|  |TAMS 0x00000000c4900000, 0x00000000c4900000| Untracked 
|  40|0x00000000c4a00000, 0x00000000c4a00000, 0x00000000c4b00000|  0%| F|  |TAMS 0x00000000c4a00000, 0x00000000c4a00000| Untracked 
|  41|0x00000000c4b00000, 0x00000000c4b00000, 0x00000000c4c00000|  0%| F|  |TAMS 0x00000000c4b00000, 0x00000000c4b00000| Untracked 
|  42|0x00000000c4c00000, 0x00000000c4c00000, 0x00000000c4d00000|  0%| F|  |TAMS 0x00000000c4c00000, 0x00000000c4c00000| Untracked 
|  43|0x00000000c4d00000, 0x00000000c4d00000, 0x00000000c4e00000|  0%| F|  |TAMS 0x00000000c4d00000, 0x00000000c4d00000| Untracked 
|  44|0x00000000c4e00000, 0x00000000c4e00000, 0x00000000c4f00000|  0%| F|  |TAMS 0x00000000c4e00000, 0x00000000c4e00000| Untracked 
|  45|0x00000000c4f00000, 0x00000000c4f00000, 0x00000000c5000000|  0%| F|  |TAMS 0x00000000c4f00000, 0x00000000c4f00000| Untracked 
|  46|0x00000000c5000000, 0x00000000c5000000, 0x00000000c5100000|  0%| F|  |TAMS 0x00000000c5000000, 0x00000000c5000000| Untracked 
|  47|0x00000000c5100000, 0x00000000c5100000, 0x00000000c5200000|  0%| F|  |TAMS 0x00000000c5100000, 0x00000000c5100000| Untracked 
|  48|0x00000000c5200000, 0x00000000c5200000, 0x00000000c5300000|  0%| F|  |TAMS 0x00000000c5200000, 0x00000000c5200000| Untracked 
|  49|0x00000000c5300000, 0x00000000c5300000, 0x00000000c5400000|  0%| F|  |TAMS 0x00000000c5300000, 0x00000000c5300000| Untracked 
|  50|0x00000000c5400000, 0x00000000c5400000, 0x00000000c5500000|  0%| F|  |TAMS 0x00000000c5400000, 0x00000000c5400000| Untracked 
|  51|0x00000000c5500000, 0x00000000c5500000, 0x00000000c5600000|  0%| F|  |TAMS 0x00000000c5500000, 0x00000000c5500000| Untracked 
|  52|0x00000000c5600000, 0x00000000c5600000, 0x00000000c5700000|  0%| F|  |TAMS 0x00000000c5600000, 0x00000000c5600000| Untracked 
|  53|0x00000000c5700000, 0x00000000c5700000, 0x00000000c5800000|  0%| F|  |TAMS 0x00000000c5700000, 0x00000000c5700000| Untracked 
|  54|0x00000000c5800000, 0x00000000c5800000, 0x00000000c5900000|  0%| F|  |TAMS 0x00000000c5800000, 0x00000000c5800000| Untracked 
|  55|0x00000000c5900000, 0x00000000c5900000, 0x00000000c5a00000|  0%| F|  |TAMS 0x00000000c5900000, 0x00000000c5900000| Untracked 
|  56|0x00000000c5a00000, 0x00000000c5afb928, 0x00000000c5b00000| 98%| E|  |TAMS 0x00000000c5a00000, 0x00000000c5a00000| Complete 
|  57|0x00000000c5b00000, 0x00000000c5c00000, 0x00000000c5c00000|100%| E|CS|TAMS 0x00000000c5b00000, 0x00000000c5b00000| Complete 
|  58|0x00000000c5c00000, 0x00000000c5d00000, 0x00000000c5d00000|100%| E|CS|TAMS 0x00000000c5c00000, 0x00000000c5c00000| Complete 
|  59|0x00000000c5d00000, 0x00000000c5e00000, 0x00000000c5e00000|100%| E|CS|TAMS 0x00000000c5d00000, 0x00000000c5d00000| Complete 
|  60|0x00000000c5e00000, 0x00000000c5f00000, 0x00000000c5f00000|100%| E|CS|TAMS 0x00000000c5e00000, 0x00000000c5e00000| Complete 
|  61|0x00000000c5f00000, 0x00000000c6000000, 0x00000000c6000000|100%| E|CS|TAMS 0x00000000c5f00000, 0x00000000c5f00000| Complete 

Card table byte_map: [0x000001f2c41b0000,0x000001f2c43a0000] _byte_map_base: 0x000001f2c3b9f000

Marking Bits (Prev, Next): (CMBitMap*) 0x000001f2c43f6008, (CMBitMap*) 0x000001f2c43f6048
 Prev Bits: [0x000001f2db9b0000, 0x000001f2dc928000)
 Next Bits: [0x000001f2dc930000, 0x000001f2dd8a8000)

Polling page: 0x000001f2c23e0000

Metaspace:

Usage:
  Non-class:      6.33 MB capacity,     6.14 MB ( 97%) used,   164.02 KB (  3%) free+waste,    26.06 KB ( <1%) overhead. 
      Class:    996.00 KB capacity,   854.31 KB ( 86%) used,   125.06 KB ( 13%) free+waste,    16.63 KB (  2%) overhead. 
       Both:      7.30 MB capacity,     6.97 MB ( 96%) used,   289.09 KB (  4%) free+waste,    42.69 KB ( <1%) overhead. 

Virtual space:
  Non-class space:        8.00 MB reserved,       6.50 MB ( 81%) committed 
      Class space:        1.00 GB reserved,       1.00 MB ( <1%) committed 
             Both:        1.01 GB reserved,       7.50 MB ( <1%) committed 

Chunk freelists:
   Non-Class:  6.38 KB
       Class:  3.50 KB
        Both:  9.88 KB

CodeHeap 'non-profiled nmethods': size=120064Kb used=187Kb max_used=187Kb free=119876Kb
 bounds [0x000001f2d4280000, 0x000001f2d44f0000, 0x000001f2db7c0000]
CodeHeap 'profiled nmethods': size=120000Kb used=1184Kb max_used=1184Kb free=118816Kb
 bounds [0x000001f2ccd50000, 0x000001f2ccfc0000, 0x000001f2d4280000]
CodeHeap 'non-nmethods': size=5696Kb used=1200Kb max_used=1200Kb free=4495Kb
 bounds [0x000001f2cc7c0000, 0x000001f2cca30000, 0x000001f2ccd50000]
 total_blobs=1345 nmethods=693 adapters=461
 compilation: enabled
              stopped_count=0, restarted_count=0
 full_count=0

Compilation events (10 events):
Event: 1.440 Thread 0x000001f2e04c7800  675       3       jdk.internal.access.SharedSecrets::getJavaLangAccess (4 bytes)
Event: 1.441 Thread 0x000001f2e04c7800 nmethod 675 0x000001f2cce73710 code [0x000001f2cce738c0, 0x000001f2cce73a18]
Event: 1.441 Thread 0x000001f2e04c7800  676       1       sun.nio.ch.NativeThread::current (2 bytes)
Event: 1.441 Thread 0x000001f2e04c7800 nmethod 676 0x000001f2d42ad610 code [0x000001f2d42ad7c0, 0x000001f2d42ad8b8]
Event: 1.442 Thread 0x000001f2e04c7800  677       3       java.nio.channels.spi.AbstractInterruptibleChannel::isOpen (13 bytes)
Event: 1.442 Thread 0x000001f2e04c7800 nmethod 677 0x000001f2cce73a90 code [0x000001f2cce73c40, 0x000001f2cce73e18]
Event: 1.448 Thread 0x000001f2e04c7800  678       3       java.nio.channels.spi.AbstractInterruptibleChannel::blockedOn (10 bytes)
Event: 1.449 Thread 0x000001f2e04c7800 nmethod 678 0x000001f2cce73e90 code [0x000001f2cce74080, 0x000001f2cce74598]
Event: 1.490 Thread 0x000001f2e04c7800  679       3       java.awt.Component::getTreeLock (4 bytes)
Event: 1.491 Thread 0x000001f2e04c7800 nmethod 679 0x000001f2cce74790 code [0x000001f2cce74940, 0x000001f2cce74ad8]

GC Heap History (0 events):
No events

Deoptimization events (3 events):
Event: 0.343 Thread 0x000001f2c43c7800 Uncommon trap: reason=unstable_if action=reinterpret pc=0x000001f2d4284d20 method=java.lang.String.isLatin1()Z @ 10 c2
Event: 1.232 Thread 0x000001f2e09da000 Uncommon trap: reason=unstable_if action=reinterpret pc=0x000001f2d428d534 method=java.util.HashMap.putVal(ILjava/lang/Object;Ljava/lang/Object;ZZ)Ljava/lang/Object; @ 181 c2
Event: 1.317 Thread 0x000001f2c43c7800 Uncommon trap: reason=unstable_if action=reinterpret pc=0x000001f2d4284a08 method=java.lang.String.isLatin1()Z @ 10 c2

Classes redefined (0 events):
No events

Internal exceptions (10 events):
Event: 0.693 Thread 0x000001f2c43c7800 Exception <a 'java/lang/NoSuchMethodError'{0x00000000c5dec258}: java.lang.invoke.DirectMethodHandle$Holder.invokeStatic(Ljava/lang/Object;Ljava/lang/Object;Ljava/lang/Object;Ljava/lang/Object;Ljava/lang/Object;Ljava/lang/Object;Ljava/lang/Object;J)Ljava/l
Event: 0.967 Thread 0x000001f2c43c7800 Exception <a 'java/lang/NoSuchMethodError'{0x00000000c5c9acc0}: java.lang.invoke.DirectMethodHandle$Holder.invokeStatic(Ljava/lang/Object;ILjava/lang/Object;Ljava/lang/Object;Ljava/lang/Object;Ljava/lang/Object;)Ljava/lang/Object;> (0x00000000c5c9acc0) th
Event: 0.969 Thread 0x000001f2c43c7800 Exception <a 'java/lang/NoSuchMethodError'{0x00000000c5ca18f0}: java.lang.invoke.DirectMethodHandle$Holder.invokeStatic(Ljava/lang/Object;ILjava/lang/Object;Ljava/lang/Object;Ljava/lang/Object;)Ljava/lang/Object;> (0x00000000c5ca18f0) thrown at [t:/worksp
Event: 0.970 Thread 0x000001f2c43c7800 Exception <a 'java/lang/NoSuchMethodError'{0x00000000c5ca5150}: java.lang.invoke.DirectMethodHandle$Holder.invokeSpecial(Ljava/lang/Object;Ljava/lang/Object;ILjava/lang/Object;Ljava/lang/Object;Ljava/lang/Object;)Ljava/lang/Object;> (0x00000000c5ca5150) t
Event: 0.988 Thread 0x000001f2c43c7800 Exception <a 'java/lang/NoSuchMethodError'{0x00000000c5cbb820}: java.lang.invoke.DirectMethodHandle$Holder.invokeStatic(Ljava/lang/Object;ILjava/lang/Object;)Ljava/lang/Object;> (0x00000000c5cbb820) thrown at [t:/workspace/open/src/hotspot/share/interpret
Event: 1.127 Thread 0x000001f2c43c7800 Exception <a 'java/lang/ClassNotFoundException'{0x00000000c5b63428}: com/sun/swing/internal/plaf/metal/resources/spi/metalProvider> (0x00000000c5b63428) thrown at [t:/workspace/open/src/hotspot/share/classfile/systemDictionary.cpp, line 235]
Event: 1.132 Thread 0x000001f2c43c7800 Exception <a 'java/lang/ClassNotFoundException'{0x00000000c5b67830}: com/sun/swing/internal/plaf/basic/resources/spi/basicProvider> (0x00000000c5b67830) thrown at [t:/workspace/open/src/hotspot/share/classfile/systemDictionary.cpp, line 235]
Event: 1.277 Thread 0x000001f2c43c7800 Exception <a 'java/lang/NoSuchMethodError'{0x00000000c5beb100}: java.lang.invoke.DirectMethodHandle$Holder.invokeStaticInit(Ljava/lang/Object;)V> (0x00000000c5beb100) thrown at [t:/workspace/open/src/hotspot/share/interpreter/linkResolver.cpp, line 777]
Event: 1.374 Thread 0x000001f2c43c7800 Exception <a 'java/lang/NoSuchMethodError'{0x00000000c5a7ab58}: java.lang.invoke.Invokers$Holder.linkToTargetMethod(Ljava/lang/Object;ILjava/lang/Object;)Ljava/lang/Object;> (0x00000000c5a7ab58) thrown at [t:/workspace/open/src/hotspot/share/interpreter/l
Event: 1.388 Thread 0x000001f2c43c7800 Exception <a 'sun/nio/fs/WindowsException'{0x00000000c5a7fc00}> (0x00000000c5a7fc00) thrown at [t:/workspace/open/src/hotspot/share/prims/jni.cpp, line 615]

Events (10 events):
Event: 1.615 loading class sun/swing/CachedPainter$PainterMultiResolutionCachedImage
Event: 1.615 loading class java/awt/image/AbstractMultiResolutionImage
Event: 1.615 loading class java/awt/image/MultiResolutionImage
Event: 1.615 loading class java/awt/image/MultiResolutionImage done
Event: 1.615 loading class java/awt/image/AbstractMultiResolutionImage done
Event: 1.615 loading class sun/swing/CachedPainter$PainterMultiResolutionCachedImage done
Event: 1.615 loading class sun/swing/ImageCache
Event: 1.615 loading class sun/swing/ImageCache done
Event: 1.616 loading class sun/swing/ImageCache$Entry
Event: 1.616 loading class sun/swing/ImageCache$Entry done


Dynamic libraries:
0x00007ff66fd00000 - 0x00007ff66fd0d000 	C:\Users\cszit\Downloads\openjdk-12.0.2_windows-x64_bin\jdk-12.0.2\bin\javaw.exe
0x00007ffd4ac00000 - 0x00007ffd4adf0000 	C:\windows\SYSTEM32\ntdll.dll
0x00007ffd4a7e0000 - 0x00007ffd4a892000 	C:\windows\System32\KERNEL32.DLL
0x00007ffd488d0000 - 0x00007ffd48b73000 	C:\windows\System32\KERNELBASE.dll
0x00007ffd48630000 - 0x00007ffd4872a000 	C:\windows\System32\ucrtbase.dll
0x00007ffd44320000 - 0x00007ffd44337000 	C:\Users\cszit\Downloads\openjdk-12.0.2_windows-x64_bin\jdk-12.0.2\bin\jli.dll
0x00007ffd44430000 - 0x00007ffd44446000 	C:\Users\cszit\Downloads\openjdk-12.0.2_windows-x64_bin\jdk-12.0.2\bin\VCRUNTIME140.dll
0x00007ffd49a70000 - 0x00007ffd49c04000 	C:\windows\System32\USER32.dll
0x00007ffd48b80000 - 0x00007ffd48ba1000 	C:\windows\System32\win32u.dll
0x00007ffd48d60000 - 0x00007ffd48d86000 	C:\windows\System32\GDI32.dll
0x00007ffd47c40000 - 0x00007ffd47dd4000 	C:\windows\System32\gdi32full.dll
0x00007ffd48c10000 - 0x00007ffd48cae000 	C:\windows\System32\msvcp_win.dll
0x00007ffd2f9c0000 - 0x00007ffd2fc45000 	C:\windows\WinSxS\amd64_microsoft.windows.common-controls_6595b64144ccf1df_6.0.18362.418_none_e6c6b287130d565d\COMCTL32.dll
0x00007ffd4a4e0000 - 0x00007ffd4a57e000 	C:\windows\System32\msvcrt.dll
0x00007ffd49730000 - 0x00007ffd49a66000 	C:\windows\System32\combase.dll
0x00007ffd48f20000 - 0x00007ffd49040000 	C:\windows\System32\RPCRT4.dll
0x00007ffd47bc0000 - 0x00007ffd47c40000 	C:\windows\System32\bcryptPrimitives.dll
0x00007ffd4a280000 - 0x00007ffd4a2ae000 	C:\windows\System32\IMM32.DLL
0x00007ffd2ebf0000 - 0x00007ffd2ec9a000 	C:\Users\cszit\Downloads\openjdk-12.0.2_windows-x64_bin\jdk-12.0.2\bin\msvcp140.dll
0x00007ffcf07a0000 - 0x00007ffcf1316000 	C:\Users\cszit\Downloads\openjdk-12.0.2_windows-x64_bin\jdk-12.0.2\bin\server\jvm.dll
0x00007ffd4a580000 - 0x00007ffd4a623000 	C:\windows\System32\ADVAPI32.dll
0x00007ffd49d00000 - 0x00007ffd49d97000 	C:\windows\System32\sechost.dll
0x00007ffd48e60000 - 0x00007ffd48e68000 	C:\windows\System32\PSAPI.DLL
0x00007ffd430e0000 - 0x00007ffd430e9000 	C:\windows\SYSTEM32\WSOCK32.dll
0x00007ffd49c90000 - 0x00007ffd49cff000 	C:\windows\System32\WS2_32.dll
0x00007ffd45c00000 - 0x00007ffd45c24000 	C:\windows\SYSTEM32\WINMM.dll
0x00007ffd40ae0000 - 0x00007ffd40aea000 	C:\windows\SYSTEM32\VERSION.dll
0x00007ffd45ad0000 - 0x00007ffd45afd000 	C:\windows\SYSTEM32\WINMMBASE.dll
0x00007ffd48880000 - 0x00007ffd488ca000 	C:\windows\System32\cfgmgr32.dll
0x00007ffd47ae0000 - 0x00007ffd47af1000 	C:\windows\System32\kernel.appcore.dll
0x00007ffd37a50000 - 0x00007ffd37a61000 	C:\Users\cszit\Downloads\openjdk-12.0.2_windows-x64_bin\jdk-12.0.2\bin\verify.dll
0x00007ffd2c5d0000 - 0x00007ffd2c7c4000 	C:\windows\SYSTEM32\DBGHELP.DLL
0x00007ffd2d3e0000 - 0x00007ffd2d40a000 	C:\windows\SYSTEM32\dbgcore.DLL
0x00007ffd2cb50000 - 0x00007ffd2cb76000 	C:\Users\cszit\Downloads\openjdk-12.0.2_windows-x64_bin\jdk-12.0.2\bin\java.dll
0x00007ffd37a20000 - 0x00007ffd37a37000 	C:\Users\cszit\Downloads\openjdk-12.0.2_windows-x64_bin\jdk-12.0.2\bin\zip.dll
0x00007ffd37af0000 - 0x00007ffd37afa000 	C:\Users\cszit\Downloads\openjdk-12.0.2_windows-x64_bin\jdk-12.0.2\bin\jimage.dll
0x00007ffd49040000 - 0x00007ffd49725000 	C:\windows\System32\SHELL32.dll
0x00007ffd48cb0000 - 0x00007ffd48d59000 	C:\windows\System32\shcore.dll
0x00007ffd47eb0000 - 0x00007ffd4862f000 	C:\windows\System32\windows.storage.dll
0x00007ffd47b70000 - 0x00007ffd47b8f000 	C:\windows\System32\profapi.dll
0x00007ffd47b00000 - 0x00007ffd47b4a000 	C:\windows\System32\powrprof.dll
0x00007ffd47ad0000 - 0x00007ffd47ae0000 	C:\windows\System32\UMPDC.dll
0x00007ffd4a2c0000 - 0x00007ffd4a312000 	C:\windows\System32\shlwapi.dll
0x00007ffd47de0000 - 0x00007ffd47df7000 	C:\windows\System32\cryptsp.dll
0x00007ffd34a90000 - 0x00007ffd34aa9000 	C:\Users\cszit\Downloads\openjdk-12.0.2_windows-x64_bin\jdk-12.0.2\bin\net.dll
0x00007ffd37b20000 - 0x00007ffd37c10000 	C:\windows\SYSTEM32\WINHTTP.dll
0x00007ffd3c180000 - 0x00007ffd3c356000 	C:\windows\SYSTEM32\urlmon.dll
0x00007ffd3beb0000 - 0x00007ffd3c156000 	C:\windows\SYSTEM32\iertutil.dll
0x00007ffd474b0000 - 0x00007ffd474bc000 	C:\windows\SYSTEM32\CRYPTBASE.DLL
0x00007ffd472e0000 - 0x00007ffd47347000 	C:\windows\system32\mswsock.dll
0x00007ffd2d340000 - 0x00007ffd2d353000 	C:\Users\cszit\Downloads\openjdk-12.0.2_windows-x64_bin\jdk-12.0.2\bin\nio.dll
0x00007ffd15510000 - 0x00007ffd156ae000 	C:\Users\cszit\Downloads\openjdk-12.0.2_windows-x64_bin\jdk-12.0.2\bin\awt.dll
0x00007ffd4a910000 - 0x00007ffd4a9d4000 	C:\windows\System32\OLEAUT32.dll
0x00007ffd44a30000 - 0x00007ffd44ff0000 	C:\windows\SYSTEM32\d2d1.dll
0x00007ffd45d60000 - 0x00007ffd45def000 	C:\windows\SYSTEM32\apphelp.dll
0x00007ffd46380000 - 0x00007ffd463ad000 	C:\windows\system32\DWMAPI.DLL
0x00007ffd45e50000 - 0x00007ffd45ee9000 	C:\windows\system32\uxtheme.dll
0x00007ffd167f0000 - 0x00007ffd16946000 	C:\windows\system32\opengl32.dll
0x00007ffd41bc0000 - 0x00007ffd41bec000 	C:\windows\SYSTEM32\GLU32.dll
0x00007ffd467b0000 - 0x00007ffd467d0000 	C:\windows\SYSTEM32\dxcore.dll
0x00007ffd4a3a0000 - 0x00007ffd4a4d6000 	C:\windows\System32\MSCTF.dll
0x00007ffd4aa60000 - 0x00007ffd4abb6000 	C:\windows\System32\ole32.dll
0x00007ffd13da0000 - 0x00007ffd13f67000 	C:\windows\system32\d3d9.dll
0x00007ffd40b20000 - 0x00007ffd40cfc000 	C:\windows\System32\DriverStore\FileRepository\u0341193.inf_amd64_0d06e1b44522f1a9\B340501\aticfx64.dll
0x00007ffd32720000 - 0x00007ffd32751000 	C:\windows\System32\DriverStore\FileRepository\u0341193.inf_amd64_0d06e1b44522f1a9\B340501\atiu9p64.dll
0x00007ffd06d20000 - 0x00007ffd07a66000 	C:\windows\System32\DriverStore\FileRepository\u0341193.inf_amd64_0d06e1b44522f1a9\B340501\atiumd64.dll
0x000000005d040000 - 0x000000005dd38000 	C:\windows\System32\DriverStore\FileRepository\u0341193.inf_amd64_0d06e1b44522f1a9\B340501\atiumd6a.dll
0x00007ffd307f0000 - 0x00007ffd30870000 	C:\Users\cszit\Downloads\openjdk-12.0.2_windows-x64_bin\jdk-12.0.2\bin\freetype.dll
0x00007ffd1f380000 - 0x00007ffd1f42b000 	C:\Users\cszit\Downloads\openjdk-12.0.2_windows-x64_bin\jdk-12.0.2\bin\fontmanager.dll
0x00007ffd329b0000 - 0x00007ffd32a4e000 	C:\windows\System32\TextInputFramework.dll
0x00007ffd43c60000 - 0x00007ffd43f8a000 	C:\windows\System32\CoreUIComponents.dll
0x00007ffd45680000 - 0x00007ffd45754000 	C:\windows\System32\CoreMessaging.dll
0x00007ffd46b30000 - 0x00007ffd46b61000 	C:\windows\SYSTEM32\ntmarta.dll
0x00007ffd43b00000 - 0x00007ffd43c53000 	C:\windows\SYSTEM32\wintypes.dll
0x00007ffd2e760000 - 0x00007ffd2e7c5000 	C:\windows\system32\Oleacc.dll

dbghelp: loaded successfully - version: 4.0.5 - missing functions: none
symbol engine: initialized successfully - sym options: 0x614 - pdb path: .;C:\Users\cszit\Downloads\openjdk-12.0.2_windows-x64_bin\jdk-12.0.2\bin;C:\windows\SYSTEM32;C:\windows\WinSxS\amd64_microsoft.windows.common-controls_6595b64144ccf1df_6.0.18362.418_none_e6c6b287130d565d;C:\Users\cszit\Downloads\openjdk-12.0.2_windows-x64_bin\jdk-12.0.2\bin\server;C:\windows\System32\DriverStore\FileRepository\u0341193.inf_amd64_0d06e1b44522f1a9\B340501

VM Arguments:
jvm_args: -Dfile.encoding=Cp1252 --module-path=C:\Users\cszit\eclipse-workspace\DashboardInspirationalQuotes\bin -Djdk.module.main=DashboardInspirationalQuotes 
java_command: DashboardInspirationalQuotes/dashboard.Main
java_class_path (initial): <not set>
Launcher Type: SUN_STANDARD

[Global flags]
     intx CICompilerCount                          = 2                                         {product} {ergonomic}
     uint ConcGCThreads                            = 1                                         {product} {ergonomic}
     uint G1ConcRefinementThreads                  = 2                                         {product} {ergonomic}
   size_t G1HeapRegionSize                         = 1048576                                   {product} {ergonomic}
    uintx GCDrainStackTargetSize                   = 64                                        {product} {ergonomic}
   size_t InitialHeapSize                          = 65011712                                  {product} {ergonomic}
   size_t MarkStackSize                            = 4194304                                   {product} {ergonomic}
   size_t MaxHeapSize                              = 1038090240                                {product} {ergonomic}
   size_t MaxNewSize                               = 622854144                                 {product} {ergonomic}
   size_t MinHeapDeltaBytes                        = 1048576                                   {product} {ergonomic}
    uintx NonNMethodCodeHeapSize                   = 5825164                                {pd product} {ergonomic}
    uintx NonProfiledCodeHeapSize                  = 122916538                              {pd product} {ergonomic}
    uintx ProfiledCodeHeapSize                     = 122916538                              {pd product} {ergonomic}
    uintx ReservedCodeCacheSize                    = 251658240                              {pd product} {ergonomic}
     bool SegmentedCodeCache                       = true                                      {product} {ergonomic}
     bool UseCompressedClassPointers               = true                                 {lp64_product} {ergonomic}
     bool UseCompressedOops                        = true                                 {lp64_product} {ergonomic}
     bool UseG1GC                                  = true                                      {product} {ergonomic}
     bool UseLargePagesIndividualAllocation        = false                                  {pd product} {ergonomic}

Logging:
Log output configuration:
 #0: stdout all=warning uptime,level,tags
 #1: stderr all=off uptime,level,tags

Environment Variables:
PATH=C:/Users/cszit/Downloads/openjdk-12.0.2_windows-x64_bin/jdk-12.0.2/bin/server;C:/Users/cszit/Downloads/openjdk-12.0.2_windows-x64_bin/jdk-12.0.2/bin;C:\Program Files\Microsoft MPI\Bin\;C:\windows\system32;C:\windows;C:\windows\System32\Wbem;C:\windows\System32\WindowsPowerShell\v1.0\;C:\windows\System32\OpenSSH\;C:\Program Files (x86)\Microsoft SQL Server\150\DTS\Binn\;C:\Program Files\nodejs\;C:\Program Files (x86)\Microsoft SQL Server\140\Tools\Binn\;C:\Program Files\Microsoft SQL Server\140\Tools\Binn\;C:\Program Files (x86)\Microsoft SQL Server\140\DTS\Binn\;C:\Program Files\Microsoft SQL Server\140\DTS\Binn\;C:\Program Files\Microsoft SQL Server\Client SDK\ODBC\130\Tools\Binn\;C:\Program Files\Git\cmd;C:\Program Files\Java\jdk-12.0.2\bin;C:\Users\cszit\AppData\Local\Microsoft\WindowsApps;C:\Users\cszit\AppData\Roaming\npm;C:\Users\cszit\Downloads\apache-maven-3.6.2-bin\apache-maven-3.6.2\bin;C:\Program Files\Java\jdk-12.0.2\bin;C:\Users\cszit\OneDrive\Documents\platform-tools;;C:\Users\cszit\Desktop;
USERNAME=cszit
OS=Windows_NT
PROCESSOR_IDENTIFIER=AMD64 Family 21 Model 112 Stepping 0, AuthenticAMD



---------------  S Y S T E M  ---------------

OS: Windows 10 , 64 bit Build 18362 (10.0.18362.329)

CPU:total 2 (initial active 2) (2 cores per cpu, 1 threads per core) family 21 model 112 stepping 0, cmov, cx8, fxsr, mmx, sse, sse2, sse3, ssse3, sse4.1, sse4.2, popcnt, avx, avx2, aes, clmul, mmxext, 3dnowpref, lzcnt, sse4a, tsc, tscinvbit, tscinv, bmi1, bmi2, fma

Memory: 4k page, system-wide physical 3957M (344M free)
TotalPageFile size 11319M (AvailPageFile size 0M)
current process WorkingSet (physical memory assigned to process): 68M, peak: 68M
current process commit charge ("private bytes"): 158M, peak: 159M

vm_info: OpenJDK 64-Bit Server VM (12.0.2+10) for windows-amd64 JRE (12.0.2+10), built on Jul 16 2019 01:56:05 by "mach5one" with MS VC++ 15.5 (VS2017)

END.
